{"numFailedTestSuites":0,"numFailedTests":0,"numPassedTestSuites":4,"numPassedTests":10,"numPendingTestSuites":0,"numPendingTests":0,"numRuntimeErrorTestSuites":0,"numTodoTests":0,"numTotalTestSuites":4,"numTotalTests":10,"openHandles":[],"snapshot":{"added":0,"didUpdate":false,"failure":false,"filesAdded":0,"filesRemoved":0,"filesRemovedList":[],"filesUnmatched":0,"filesUpdated":0,"matched":0,"total":0,"unchecked":0,"uncheckedKeysByFile":[],"unmatched":0,"updated":0},"startTime":1580251416546,"success":true,"testResults":[{"assertionResults":[{"ancestorTitles":[],"failureMessages":[],"fullName":"Renders Accordion component with content hidden","location":null,"status":"passed","title":"Renders Accordion component with content hidden"}],"endTime":1580251425398,"message":"","name":"/Users/danelder/Documents/Dev/a11y-react-components/src/components/Accordion/Accordion.test.tsx","startTime":1580251418830,"status":"passed","summary":""},{"assertionResults":[{"ancestorTitles":[],"failureMessages":[],"fullName":"Adds global styles to <head>","location":null,"status":"passed","title":"Adds global styles to <head>"}],"endTime":1580251425392,"message":"","name":"/Users/danelder/Documents/Dev/a11y-react-components/src/core/Global/Global.test.tsx","startTime":1580251418813,"status":"passed","summary":""},{"assertionResults":[{"ancestorTitles":[],"failureMessages":[],"fullName":"Render heading level 1 <h1>","location":null,"status":"passed","title":"Render heading level 1 <h1>"},{"ancestorTitles":[],"failureMessages":[],"fullName":"Renders heading level 1 <h1>","location":null,"status":"passed","title":"Renders heading level 1 <h1>"},{"ancestorTitles":[],"failureMessages":[],"fullName":"Renders heading level 2 <h2>","location":null,"status":"passed","title":"Renders heading level 2 <h2>"},{"ancestorTitles":[],"failureMessages":[],"fullName":"Renders heading level 3 <h3>","location":null,"status":"passed","title":"Renders heading level 3 <h3>"},{"ancestorTitles":[],"failureMessages":[],"fullName":"Renders heading level 4 <h4>","location":null,"status":"passed","title":"Renders heading level 4 <h4>"},{"ancestorTitles":[],"failureMessages":[],"fullName":"Renders heading level 5 <h5>","location":null,"status":"passed","title":"Renders heading level 5 <h5>"},{"ancestorTitles":[],"failureMessages":[],"fullName":"Renders heading level 6 <h6>","location":null,"status":"passed","title":"Renders heading level 6 <h6>"}],"endTime":1580251425568,"message":"","name":"/Users/danelder/Documents/Dev/a11y-react-components/src/components/Heading/Heading.test.tsx","startTime":1580251418813,"status":"passed","summary":""},{"assertionResults":[{"ancestorTitles":[],"failureMessages":[],"fullName":"Renders Button component on page","location":null,"status":"passed","title":"Renders Button component on page"}],"endTime":1580251425714,"message":"","name":"/Users/danelder/Documents/Dev/a11y-react-components/src/components/Button/Button.test.tsx","startTime":1580251425421,"status":"passed","summary":""}],"wasInterrupted":false}